2017-17-16 15:17:38.849 [main] INFO   - Launching new browser instance and navigating to VoloTea Application
2017-17-16 15:17:49.455 [main] INFO   - *****The name of the testcase Started is :LoginToVoloTea
2017-17-16 15:17:49.687 [main] INFO   - USER login initiated...
2017-17-16 15:17:52.781 [main] INFO   - Clicked on Sign-In Link On Home Page
2017-17-16 15:17:52.781 [main] INFO   - Typing user login: lakmankat@gmail.com
2017-17-16 15:17:55.890 [main] INFO   - Typing user password: travel2017
2017-17-16 15:17:56.055 [main] INFO   - Login is in progress...
2017-18-16 15:18:06.093 [main] INFO   - *****The name of the testcase Passed is :LoginToVoloTea
2017-18-16 15:18:06.270 [main] INFO   - Closing the driver instance
2017-19-16 15:19:42.542 [main] INFO   - Launching new browser instance and navigating to VoloTea Application
2017-19-16 15:19:51.984 [main] INFO   - *****The name of the testcase Started is :LoginToVoloTea
2017-19-16 15:19:52.234 [main] INFO   - USER login initiated...
2017-19-16 15:19:55.328 [main] INFO   - Clicked on Sign-In Link On Home Page
2017-19-16 15:19:55.328 [main] INFO   - Typing user login: lakmankat@gmail.com
2017-19-16 15:19:58.443 [main] INFO   - Typing user password: travel2017
2017-19-16 15:19:58.603 [main] INFO   - Login is in progress...
2017-20-16 15:20:08.642 [main] INFO   - *****The name of the testcase Passed is :LoginToVoloTea
2017-20-16 15:20:08.822 [main] INFO   - Closing the driver instance
2017-22-16 15:22:16.600 [main] INFO   - *****The name of the testcase Started is :LoginToVoloTea
2017-22-16 15:22:16.813 [main] INFO   - USER login initiated...
2017-22-16 15:22:19.908 [main] INFO   - Clicked on Sign-In Link On Home Page
2017-22-16 15:22:19.908 [main] INFO   - Typing user login: lakmankat@gmail.com
2017-22-16 15:22:23.025 [main] INFO   - Typing user password: travel2017
2017-22-16 15:22:23.186 [main] INFO   - Login is in progress...
2017-22-16 15:22:33.225 [main] INFO   - *****The name of the testcase Passed is :LoginToVoloTea
2017-22-16 15:22:33.376 [main] INFO   - *****The name of the testcase Started is :SearchFlights
2017-22-16 15:22:36.598 [main] INFO   - Entering Origin Location as PRG
2017-22-16 15:22:39.846 [main] INFO   - Entering Origin Location as VCE
2017-22-16 15:22:40.567 [main] INFO   - Entering Origin Date as: 30
2017-22-16 15:22:43.659 [main] INFO   - Entering Origin Date as: 14
2017-22-16 15:22:43.748 [main] INFO   - Selecting number of children as: number:1
2017-22-16 15:22:44.004 [main] INFO   - Clicked on Find Flights.... Retriving the results for the search query made
2017-22-16 15:22:50.879 [main] INFO   - *****The name of the testcase Passed is :SearchFlights
2017-22-16 15:22:51.022 [main] INFO   - *****The name of the testcase Started is :FlightInformation
2017-23-16 15:23:01.262 [main] INFO   - *****The name of the testcase Failed is :FlightInformation
